MNCL
("a" nn (((a) 0))) 
("b" nn (((b eS) 0)))
("c" nn (((s eS) 0)))
("d" nn (((d eS) 0)))
("e" nn (((eS) 0)))
("f" nn (((eS) 1)((f e) 0)))
("g" nn (((g eS) 0)))
("h" nn (((aS) 1)((ch e) 0)))
("i" nn (((iS) 0)))
("j" nn (((x oS) 1)((t a) 0)))
("k" nn (((k aS) 0)))
("l" nn (((eS) 1)((l e) 0)))
("m" nn (((eS) 1)((m e) 0)))
("n" nn (((eS) 1)((n e) 0)))
("~n" nn (((eS) 1)((ny e) 0)))
("Ò" nn (((eS) 1)((ny e) 0)))
("o" nn (((oS) 0)))
("p" nn (((p eS) 0)))
("q" nn (((k uS) 0)))
("r" nn (((eS) 1)((rr e) 0)))
("s" nn (((eS) 1) ((s e) 0)))
("t" nn (((t eS) 0)))
("u" nn (((uS) 0)))
("v" nn (((uS) 1)((b e) 0)))
("w" nn (((u) 0) ((b e) 0) ((d o1) 1) ((b l e) 0))) ; doble be
("x" nn (((eS) 1)((k i s) 0)))
("z" nn (((s eS) 1)((t a) 0)))
("·" nn (((aS) 0)))
("È" nn (((eS) 0)))
("Ì" nn (((iS) 0)))
("Û" nn (((oS) 0)))
("˙" nn (((uS) 0)))
("¸" nn (((uS) 0)))
("A" nn (((aS) 0)))
("B" nn (((b eS) 0)))
("C" nn (((s eS) 0)))
("D" nn (((d eS) 0)))
("E" nn (((eS) 0)))
("F" nn (((eS) 1)((f e) 0)))
("G" nn (((g eS) 0)))
("H" nn (((aS) 1)((ch e) 0)))
("I" nn (((iS) 0)))
("J" nn (((x oS) 1)((t a) 0)))
("K" nn (((k aS) 0)))
("L" nn (((eS) 1)((l e) 0)))
("M" nn (((eS) 1)((m e) 0)))
("N" nn (((eS) 1)((n e) 0)))
("~N" nn (((eS) 1)((ny e) 0)))
("O" nn (((oS) 0)))
("P" nn (((p eS) 0)))
("Q" nn (((k uS) 0)))
("R" nn (((eS) 1)((rr e) 0)))
("S" nn (((eS) 1) ((s e) 0)))
("T" nn (((t eS) 0)))
("U" nn (((uS) 0)))
("V" nn (((uS) 1)((b e) 0)))
("W" nn (((uS) 0) ((b e) 0) ((d o1) 1) ((b l e) 0)))
("X" nn (((eS) 1)((k i s) 0)))
("Z" nn (((s eS) 1)((t a) 0)))
("*" n (((a s) 0) ((t e) 0) ((r iS s) 1)  ((k o) 0)))
("%" n (((p o r) 0) ((s i eS n) 1) ((t o) 0)))
("&" n (((iS) 1)))
("$" n (((p eS) 1) ((s o s) 0)))
("@" n (((a) 0) ((rr oS) 1) ((b a) 0)))
("+" n (((m aS s) 1)) ((pos "K7%" "OA%" "T-%")))
("~" n (((t iS l) 1) ((d e) 0)) ((pos "K6$")))
("=" n (((i) 0) ((g uSC aS l) 1)))
("_" n (((g iSC oS n) 1) ((b aS) 1) ((x o) 0)))
("|" n (((b aS) 1) ((rr a) 0)))
(">" n ((( m a ) 0) ((ll oS r) 1) ((k e) 0)))
("<" n ((( m e ) 0) ((n oS r) 1) ((k e) 0)))
(" " n (((e s) 0)((p aS) 1)((s iSC o) 0)))
("." punc nil))
("." nn (((p u1 n) 1) ((t o) 0)))
("'" punc nil))
(":" punc nil))
(";" punc nil))
("," punc nil))
("," nn (((k oS) 1) ((m a) 0)))
("-" punc nil))
("\"" punc nil))
("`" punc nil))
("?" punc nil))
("!" punc nil))